<?xml version="1.0" encoding="UTF-8"?>
<!-- Generated by org.testng.reporters.JUnitReportReporter -->
<testsuite skipped="0" hostname="INadmins-MacBook-Air.local" name="NewAccountCreation" tests="1" failures="0" timestamp="09 Dec 2019 06:38:28 GMT" time="7.638" errors="0">
  <testcase name="CreateNewAccount" time="7.638" classname="NewAccountCreation"/>
</testsuite> <!-- NewAccountCreation -->
